\BOOKMARK [0][]{Cover.0}{Cover}{}% 1
\BOOKMARK [0][]{Titlepage.0}{Titlepage}{}% 2
\BOOKMARK [0][]{Abstract.0}{Abstract}{}% 3
\BOOKMARK [0][]{Acknowledgments.0}{Acknowledgments}{}% 4
\BOOKMARK [-1][]{section*.5}{I Methodology}{}% 5
\BOOKMARK [0][]{chapter.1}{1 Uncertainty Visualization for 2D Ultrasound}{section*.5}% 6
\BOOKMARK [1][]{section*.7}{1.1 Uncertainty in Health Care and Medical Visualization}{chapter.1}% 7
\BOOKMARK [1][]{section*.10}{1.2 Clinical Significance and Application}{chapter.1}% 8
\BOOKMARK [1][]{section*.12}{1.3 Selection of Visual Variables}{chapter.1}% 9
\BOOKMARK [1][]{section*.13}{1.4 Visualization Schemes}{chapter.1}% 10
\BOOKMARK [2][]{section*.15}{1.4.1 Uncertainty as Color Overlay}{section*.13}% 11
\BOOKMARK [2][]{section*.17}{1.4.2 Uncertainty Mapping to Chroma}{section*.13}% 12
\BOOKMARK [2][]{section*.19}{1.4.3 Uncertainty Mapping to Fuzziness}{section*.13}% 13
\BOOKMARK [1][]{section*.21}{1.5 Results and Evaluation}{chapter.1}% 14
\BOOKMARK [2][]{section*.22}{1.5.1 User Study with Ultrasound Novices}{section*.21}% 15
\BOOKMARK [2][]{section*.26}{1.5.2 User Study with Ultrasound Experts}{section*.21}% 16
\BOOKMARK [1][]{section*.29}{1.6 Conclusion}{chapter.1}% 17
\BOOKMARK [0][]{chapter.2}{2 Advanced Ultrasound Compounding}{section*.5}% 18
\BOOKMARK [1][]{section*.31}{2.1 Related Work}{chapter.2}% 19
\BOOKMARK [1][]{section*.33}{2.2 Correlation Terms for Tracked Ultrasound Sweeps}{chapter.2}% 20
\BOOKMARK [1][]{section*.35}{2.3 Orientation-driven Inter-frame Registration of Ultrasound Sweeps}{chapter.2}% 21
\BOOKMARK [1][]{section*.37}{2.4 An Information-fusion Approach to Ultrasound Compounding}{chapter.2}% 22
\BOOKMARK [2][]{section*.40}{2.4.1 Clustering of Ultrasound Sweeps by Direction}{section*.37}% 23
\BOOKMARK [2][]{section*.41}{2.4.2 Compounding of each Cluster}{section*.37}% 24
\BOOKMARK [2][]{section*.42}{2.4.3 Uncertainty-based Fusion of the Compounded Clusters}{section*.37}% 25
\BOOKMARK [1][]{section*.43}{2.5 Incremental Compounding System}{chapter.2}% 26
\BOOKMARK [2][]{section*.44}{2.5.1 Incremental Compounding Pipeline}{section*.43}% 27
\BOOKMARK [2][]{section*.46}{2.5.2 Real-time Implementation}{section*.43}% 28
\BOOKMARK [1][]{section*.47}{2.6 Results and Evaluation}{chapter.2}% 29
\BOOKMARK [2][]{section*.48}{2.6.1 Parameter Evaluation}{section*.47}% 30
\BOOKMARK [2][]{section*.49}{2.6.2 Reconstruction Accuracy}{section*.47}% 31
\BOOKMARK [2][]{section*.50}{2.6.3 Reconstruction Quality}{section*.47}% 32
\BOOKMARK [2][]{section*.55}{2.6.4 System Performance}{section*.47}% 33
\BOOKMARK [1][]{section*.57}{2.7 Conclusion}{chapter.2}% 34
\BOOKMARK [0][]{section*.59}{Bibliography}{section*.5}% 35
\BOOKMARK [0][]{Declaration.0}{Declaration}{section*.5}% 36
